Using pre-set license
Built from '2021.1/release' branch; Version is '2021.1.0f1 (61a549675243) revision 6399305'; Using compiler version '192528614'; Build Type 'Release'
OS: 'Windows 10 Pro; OS build 19042.985; Version 2009; 64bit' Language: 'en' Physical Memory: 16299 MB
BatchMode: 1, IsHumanControllingUs: 0, StartBugReporterOnCrash: 0, Is64bit: 1, IsPro: 0

 COMMAND LINE ARGUMENTS:
D:\HDD mass storage\Installed Programs\Unity\2021.1.0f1\Editor\Unity.exe
-adb2
-batchMode
-noUpm
-name
AssetImportWorker0
-projectPath
D:/HDD mass storage/UnityProjects/tictactoe
-logFile
Logs/AssetImportWorker0.log
-srvPort
64343
Successfully changed project path to: D:/HDD mass storage/UnityProjects/tictactoe
D:/HDD mass storage/UnityProjects/tictactoe
Using Asset Import Pipeline V2.
Refreshing native plugins compatible for Editor in 99.31 ms, found 1 plugins.
Preloading 0 native plugins for Editor in 0.00 ms.
Initialize engine version: 2021.1.0f1 (61a549675243)
[Subsystems] Discovering subsystems at path D:/HDD mass storage/Installed Programs/Unity/2021.1.0f1/Editor/Data/Resources/UnitySubsystems
[Subsystems] Discovering subsystems at path D:/HDD mass storage/UnityProjects/tictactoe/Assets
GfxDevice: creating device client; threaded=0; jobified=0
Direct3D:
    Version:  Direct3D 11.0 [level 11.1]
    Renderer: NVIDIA GeForce GTX 1050 Ti (ID=0x1c82)
    Vendor:   NVIDIA
    VRAM:     4018 MB
    Driver:   27.21.14.5751
Shader 'Universal Render Pipeline/Particles/Lit': fallback shader 'Universal Render Pipeline/Particles/SimpleLit' not found
Initialize mono
Mono path[0] = 'D:/HDD mass storage/Installed Programs/Unity/2021.1.0f1/Editor/Data/Managed'
Mono path[1] = 'D:/HDD mass storage/Installed Programs/Unity/2021.1.0f1/Editor/Data/MonoBleedingEdge/lib/mono/unityjit'
Mono config path = 'D:/HDD mass storage/Installed Programs/Unity/2021.1.0f1/Editor/Data/MonoBleedingEdge/etc'
Using monoOptions --debugger-agent=transport=dt_socket,embedding=1,server=y,suspend=n,address=127.0.0.1:56192
Begin MonoManager ReloadAssembly
Registering precompiled unity dll's ...
Register platform support module: D:/HDD mass storage/Installed Programs/Unity/2021.1.0f1/Editor/Data/PlaybackEngines/WindowsStandaloneSupport/UnityEditor.WindowsStandalone.Extensions.dll
Registered in 0.004031 seconds.
Native extension for WindowsStandalone target not found
Refreshing native plugins compatible for Editor in 107.10 ms, found 1 plugins.
Preloading 0 native plugins for Editor in 0.00 ms.
Mono: successfully reloaded assembly
- Completed reload, in  1.503 seconds
Platform modules already initialized, skipping
Registering precompiled user dll's ...
Registered in 0.005172 seconds.
Begin MonoManager ReloadAssembly
Native extension for WindowsStandalone target not found
Refreshing native plugins compatible for Editor in 101.30 ms, found 1 plugins.
Preloading 0 native plugins for Editor in 0.00 ms.
Mono: successfully reloaded assembly
- Completed reload, in  1.225 seconds
Platform modules already initialized, skipping
========================================================================
Worker process is ready to serve import requests
Shader 'Universal Render Pipeline/Particles/Lit': fallback shader 'Universal Render Pipeline/Particles/SimpleLit' not found
Launched and connected shader compiler UnityShaderCompiler.exe after 0.04 seconds
Refreshing native plugins compatible for Editor in 0.65 ms, found 1 plugins.
Preloading 0 native plugins for Editor in 0.00 ms.
Unloading 4042 Unused Serialized files (Serialized files now loaded: 0)
System memory in use before: 232.0 MB.
System memory in use after: 232.2 MB.

Unloading 15 unused Assets to reduce memory usage. Loaded Objects now: 4500.
Total: 2.556800 ms (FindLiveObjects: 0.349800 ms CreateObjectMapping: 0.263900 ms MarkObjects: 1.860900 ms  DeleteObjects: 0.081500 ms)

========================================================================
Received Import Request.
  path: Assets/Scripts/AI.cs
  artifactKey: Guid(6c8174dc84d7e734ca62923410543a6e) Importer(815301076,1909f56bfc062723c751e8b465ee728b)
Start importing Assets/Scripts/AI.cs using Guid(6c8174dc84d7e734ca62923410543a6e) Importer(815301076,1909f56bfc062723c751e8b465ee728b)  -> (artifact id: '9ec7a804e2abd5d4e9bd341463046e36') in 0.141386 seconds 
========================================================================
Received Prepare
Registering precompiled user dll's ...
Registered in 0.004884 seconds.
Begin MonoManager ReloadAssembly
Native extension for WindowsStandalone target not found
Refreshing native plugins compatible for Editor in 0.69 ms, found 1 plugins.
Preloading 0 native plugins for Editor in 0.00 ms.
Mono: successfully reloaded assembly
- Completed reload, in  1.076 seconds
Platform modules already initialized, skipping
Shader 'Universal Render Pipeline/Particles/Lit': fallback shader 'Universal Render Pipeline/Particles/SimpleLit' not found
Refreshing native plugins compatible for Editor in 0.71 ms, found 1 plugins.
Preloading 0 native plugins for Editor in 0.00 ms.
Unloading 3919 Unused Serialized files (Serialized files now loaded: 0)
System memory in use before: 225.0 MB.
System memory in use after: 225.3 MB.

Unloading 10 unused Assets to reduce memory usage. Loaded Objects now: 4503.
Total: 2.480400 ms (FindLiveObjects: 0.351000 ms CreateObjectMapping: 0.248800 ms MarkObjects: 1.825900 ms  DeleteObjects: 0.053300 ms)

========================================================================
Received Prepare
Registering precompiled user dll's ...
Registered in 0.005099 seconds.
Begin MonoManager ReloadAssembly
Native extension for WindowsStandalone target not found
Refreshing native plugins compatible for Editor in 0.66 ms, found 1 plugins.
Preloading 0 native plugins for Editor in 0.00 ms.
Mono: successfully reloaded assembly
- Completed reload, in  1.052 seconds
Platform modules already initialized, skipping
Shader 'Universal Render Pipeline/Particles/Lit': fallback shader 'Universal Render Pipeline/Particles/SimpleLit' not found
Refreshing native plugins compatible for Editor in 0.66 ms, found 1 plugins.
Preloading 0 native plugins for Editor in 0.00 ms.
Unloading 3919 Unused Serialized files (Serialized files now loaded: 0)
System memory in use before: 225.1 MB.
System memory in use after: 225.3 MB.

Unloading 10 unused Assets to reduce memory usage. Loaded Objects now: 4506.
Total: 2.824400 ms (FindLiveObjects: 0.330500 ms CreateObjectMapping: 0.220000 ms MarkObjects: 2.202300 ms  DeleteObjects: 0.070300 ms)

========================================================================
Received Prepare
Registering precompiled user dll's ...
Registered in 0.004791 seconds.
Begin MonoManager ReloadAssembly
Native extension for WindowsStandalone target not found
Refreshing native plugins compatible for Editor in 0.67 ms, found 1 plugins.
Preloading 0 native plugins for Editor in 0.00 ms.
Mono: successfully reloaded assembly
- Completed reload, in  1.057 seconds
Platform modules already initialized, skipping
Shader 'Universal Render Pipeline/Particles/Lit': fallback shader 'Universal Render Pipeline/Particles/SimpleLit' not found
Refreshing native plugins compatible for Editor in 0.70 ms, found 1 plugins.
Preloading 0 native plugins for Editor in 0.00 ms.
Unloading 3919 Unused Serialized files (Serialized files now loaded: 0)
System memory in use before: 225.1 MB.
System memory in use after: 225.4 MB.

Unloading 10 unused Assets to reduce memory usage. Loaded Objects now: 4509.
Total: 2.828900 ms (FindLiveObjects: 0.346100 ms CreateObjectMapping: 0.251000 ms MarkObjects: 2.170800 ms  DeleteObjects: 0.059200 ms)

========================================================================
Received Import Request.
  Time since last request: 165.280548 seconds.
  path: Assets/Scripts/playerSwitcher.cs
  artifactKey: Guid(324a1d52a4eaade4b84e8d49d0dc05ca) Importer(815301076,1909f56bfc062723c751e8b465ee728b)
Start importing Assets/Scripts/playerSwitcher.cs using Guid(324a1d52a4eaade4b84e8d49d0dc05ca) Importer(815301076,1909f56bfc062723c751e8b465ee728b)  -> (artifact id: 'c2d20a7df9db57afe572ae8e74f17118') in 0.011183 seconds 
========================================================================
Received Import Request.
  Time since last request: 7.952405 seconds.
  path: Assets/Scripts/cellController.cs
  artifactKey: Guid(0c820c614255fc043bd6bd8acb0b6226) Importer(815301076,1909f56bfc062723c751e8b465ee728b)
Start importing Assets/Scripts/cellController.cs using Guid(0c820c614255fc043bd6bd8acb0b6226) Importer(815301076,1909f56bfc062723c751e8b465ee728b)  -> (artifact id: 'c23c4da124571b984ac6c79a77b5a134') in 0.006827 seconds 
========================================================================
Received Import Request.
  Time since last request: 1.386897 seconds.
  path: Assets/Scripts/mainMenuStart.cs
  artifactKey: Guid(7fb44bd358753ad41b4bebe5f8126299) Importer(815301076,1909f56bfc062723c751e8b465ee728b)
Start importing Assets/Scripts/mainMenuStart.cs using Guid(7fb44bd358753ad41b4bebe5f8126299) Importer(815301076,1909f56bfc062723c751e8b465ee728b)  -> (artifact id: 'cb71fbd36dfdfb1d502f9d916edb9193') in 0.006196 seconds 
========================================================================
Received Import Request.
  Time since last request: 1.523307 seconds.
  path: Assets/Scripts/particlesHandler.cs
  artifactKey: Guid(bed006fb7362ff74cb1e16302e08da25) Importer(815301076,1909f56bfc062723c751e8b465ee728b)
Start importing Assets/Scripts/particlesHandler.cs using Guid(bed006fb7362ff74cb1e16302e08da25) Importer(815301076,1909f56bfc062723c751e8b465ee728b)  -> (artifact id: 'b3a306bef4487d13666d66dcf29295eb') in 0.007033 seconds 
========================================================================
Received Import Request.
  Time since last request: 4.161305 seconds.
  path: Assets/Scripts/symbolSpawner.cs
  artifactKey: Guid(e18a3aeddb3d0104d86307a79769eec0) Importer(815301076,1909f56bfc062723c751e8b465ee728b)
Start importing Assets/Scripts/symbolSpawner.cs using Guid(e18a3aeddb3d0104d86307a79769eec0) Importer(815301076,1909f56bfc062723c751e8b465ee728b)  -> (artifact id: 'e646a955763616be30cb1fc972893b71') in 0.007111 seconds 
========================================================================
Received Import Request.
  Time since last request: 1.335621 seconds.
  path: Assets/Scripts/winningCheck.cs
  artifactKey: Guid(e9bd0b58b4327e24a802f52939447b5a) Importer(815301076,1909f56bfc062723c751e8b465ee728b)
Start importing Assets/Scripts/winningCheck.cs using Guid(e9bd0b58b4327e24a802f52939447b5a) Importer(815301076,1909f56bfc062723c751e8b465ee728b)  -> (artifact id: '92e22c28b58cd039f865733a69eebb23') in 0.006490 seconds 
========================================================================
Received Prepare
Registering precompiled user dll's ...
Registered in 0.004872 seconds.
Begin MonoManager ReloadAssembly
Native extension for WindowsStandalone target not found
Refreshing native plugins compatible for Editor in 1.47 ms, found 1 plugins.
Preloading 0 native plugins for Editor in 0.00 ms.
Mono: successfully reloaded assembly
- Completed reload, in  1.090 seconds
Platform modules already initialized, skipping
Shader 'Universal Render Pipeline/Particles/Lit': fallback shader 'Universal Render Pipeline/Particles/SimpleLit' not found
Refreshing native plugins compatible for Editor in 0.72 ms, found 1 plugins.
Preloading 0 native plugins for Editor in 0.00 ms.
Unloading 3919 Unused Serialized files (Serialized files now loaded: 0)
System memory in use before: 225.2 MB.
System memory in use after: 225.4 MB.

Unloading 10 unused Assets to reduce memory usage. Loaded Objects now: 4512.
Total: 2.469500 ms (FindLiveObjects: 0.295800 ms CreateObjectMapping: 0.209900 ms MarkObjects: 1.909900 ms  DeleteObjects: 0.052800 ms)

========================================================================
Received Prepare
Registering precompiled user dll's ...
Registered in 0.004892 seconds.
Begin MonoManager ReloadAssembly
Native extension for WindowsStandalone target not found
Refreshing native plugins compatible for Editor in 0.67 ms, found 1 plugins.
Preloading 0 native plugins for Editor in 0.00 ms.
Mono: successfully reloaded assembly
- Completed reload, in  1.032 seconds
Platform modules already initialized, skipping
Shader 'Universal Render Pipeline/Particles/Lit': fallback shader 'Universal Render Pipeline/Particles/SimpleLit' not found
Refreshing native plugins compatible for Editor in 0.70 ms, found 1 plugins.
Preloading 0 native plugins for Editor in 0.00 ms.
Unloading 3919 Unused Serialized files (Serialized files now loaded: 0)
System memory in use before: 225.2 MB.
System memory in use after: 225.4 MB.

Unloading 10 unused Assets to reduce memory usage. Loaded Objects now: 4515.
Total: 2.630500 ms (FindLiveObjects: 0.310600 ms CreateObjectMapping: 0.230500 ms MarkObjects: 2.031600 ms  DeleteObjects: 0.056700 ms)

========================================================================
Received Prepare
Registering precompiled user dll's ...
Registered in 0.004811 seconds.
Begin MonoManager ReloadAssembly
Native extension for WindowsStandalone target not found
Refreshing native plugins compatible for Editor in 0.75 ms, found 1 plugins.
Preloading 0 native plugins for Editor in 0.00 ms.
Mono: successfully reloaded assembly
- Completed reload, in  1.069 seconds
Platform modules already initialized, skipping
Shader 'Universal Render Pipeline/Particles/Lit': fallback shader 'Universal Render Pipeline/Particles/SimpleLit' not found
Refreshing native plugins compatible for Editor in 0.68 ms, found 1 plugins.
Preloading 0 native plugins for Editor in 0.00 ms.
Unloading 3919 Unused Serialized files (Serialized files now loaded: 0)
System memory in use before: 225.2 MB.
System memory in use after: 225.4 MB.

Unloading 10 unused Assets to reduce memory usage. Loaded Objects now: 4518.
Total: 2.634500 ms (FindLiveObjects: 0.315200 ms CreateObjectMapping: 0.265000 ms MarkObjects: 1.993700 ms  DeleteObjects: 0.058400 ms)

========================================================================
Received Prepare
Registering precompiled user dll's ...
Registered in 0.004904 seconds.
Begin MonoManager ReloadAssembly
Native extension for WindowsStandalone target not found
Refreshing native plugins compatible for Editor in 1.95 ms, found 1 plugins.
Preloading 0 native plugins for Editor in 0.00 ms.
Mono: successfully reloaded assembly
- Completed reload, in  1.119 seconds
Platform modules already initialized, skipping
Shader 'Universal Render Pipeline/Particles/Lit': fallback shader 'Universal Render Pipeline/Particles/SimpleLit' not found
Refreshing native plugins compatible for Editor in 0.72 ms, found 1 plugins.
Preloading 0 native plugins for Editor in 0.00 ms.
Unloading 3919 Unused Serialized files (Serialized files now loaded: 0)
System memory in use before: 225.2 MB.
System memory in use after: 225.4 MB.

Unloading 10 unused Assets to reduce memory usage. Loaded Objects now: 4521.
Total: 2.902400 ms (FindLiveObjects: 0.365100 ms CreateObjectMapping: 0.283400 ms MarkObjects: 2.183000 ms  DeleteObjects: 0.069700 ms)

========================================================================
Received Prepare
Registering precompiled user dll's ...
Registered in 0.004738 seconds.
Begin MonoManager ReloadAssembly
Native extension for WindowsStandalone target not found
Refreshing native plugins compatible for Editor in 0.77 ms, found 1 plugins.
Preloading 0 native plugins for Editor in 0.00 ms.
Mono: successfully reloaded assembly
- Completed reload, in  1.048 seconds
Platform modules already initialized, skipping
Shader 'Universal Render Pipeline/Particles/Lit': fallback shader 'Universal Render Pipeline/Particles/SimpleLit' not found
Refreshing native plugins compatible for Editor in 0.69 ms, found 1 plugins.
Preloading 0 native plugins for Editor in 0.00 ms.
Unloading 3919 Unused Serialized files (Serialized files now loaded: 0)
System memory in use before: 225.2 MB.
System memory in use after: 225.4 MB.

Unloading 10 unused Assets to reduce memory usage. Loaded Objects now: 4524.
Total: 3.051600 ms (FindLiveObjects: 0.334200 ms CreateObjectMapping: 0.241800 ms MarkObjects: 2.408800 ms  DeleteObjects: 0.065700 ms)

========================================================================
Received Prepare
Registering precompiled user dll's ...
Registered in 0.004979 seconds.
Begin MonoManager ReloadAssembly
Native extension for WindowsStandalone target not found
Refreshing native plugins compatible for Editor in 0.67 ms, found 1 plugins.
Preloading 0 native plugins for Editor in 0.00 ms.
Mono: successfully reloaded assembly
- Completed reload, in  1.021 seconds
Platform modules already initialized, skipping
Shader 'Universal Render Pipeline/Particles/Lit': fallback shader 'Universal Render Pipeline/Particles/SimpleLit' not found
Refreshing native plugins compatible for Editor in 0.67 ms, found 1 plugins.
Preloading 0 native plugins for Editor in 0.00 ms.
Unloading 3919 Unused Serialized files (Serialized files now loaded: 0)
System memory in use before: 225.2 MB.
System memory in use after: 225.4 MB.

Unloading 10 unused Assets to reduce memory usage. Loaded Objects now: 4527.
Total: 2.477800 ms (FindLiveObjects: 0.303500 ms CreateObjectMapping: 0.205800 ms MarkObjects: 1.913500 ms  DeleteObjects: 0.054100 ms)

========================================================================
Received Prepare
Registering precompiled user dll's ...
Registered in 0.005015 seconds.
Begin MonoManager ReloadAssembly
Native extension for WindowsStandalone target not found
Refreshing native plugins compatible for Editor in 0.71 ms, found 1 plugins.
Preloading 0 native plugins for Editor in 0.00 ms.
Mono: successfully reloaded assembly
- Completed reload, in  1.050 seconds
Platform modules already initialized, skipping
Shader 'Universal Render Pipeline/Particles/Lit': fallback shader 'Universal Render Pipeline/Particles/SimpleLit' not found
Refreshing native plugins compatible for Editor in 0.72 ms, found 1 plugins.
Preloading 0 native plugins for Editor in 0.00 ms.
Unloading 3919 Unused Serialized files (Serialized files now loaded: 0)
System memory in use before: 225.2 MB.
System memory in use after: 225.4 MB.

Unloading 10 unused Assets to reduce memory usage. Loaded Objects now: 4530.
Total: 2.534900 ms (FindLiveObjects: 0.305100 ms CreateObjectMapping: 0.206300 ms MarkObjects: 1.969800 ms  DeleteObjects: 0.052900 ms)

========================================================================
Received Prepare
Registering precompiled user dll's ...
Registered in 0.004960 seconds.
Begin MonoManager ReloadAssembly
Native extension for WindowsStandalone target not found
Refreshing native plugins compatible for Editor in 0.67 ms, found 1 plugins.
Preloading 0 native plugins for Editor in 0.00 ms.
Mono: successfully reloaded assembly
- Completed reload, in  1.011 seconds
Platform modules already initialized, skipping
Shader 'Universal Render Pipeline/Particles/Lit': fallback shader 'Universal Render Pipeline/Particles/SimpleLit' not found
Refreshing native plugins compatible for Editor in 0.66 ms, found 1 plugins.
Preloading 0 native plugins for Editor in 0.00 ms.
Unloading 3919 Unused Serialized files (Serialized files now loaded: 0)
System memory in use before: 225.2 MB.
System memory in use after: 225.4 MB.

Unloading 10 unused Assets to reduce memory usage. Loaded Objects now: 4533.
Total: 2.809100 ms (FindLiveObjects: 0.449000 ms CreateObjectMapping: 0.247500 ms MarkObjects: 2.045000 ms  DeleteObjects: 0.066300 ms)

========================================================================
Received Prepare
Registering precompiled user dll's ...
Registered in 0.004752 seconds.
Begin MonoManager ReloadAssembly
Native extension for WindowsStandalone target not found
Refreshing native plugins compatible for Editor in 0.69 ms, found 1 plugins.
Preloading 0 native plugins for Editor in 0.00 ms.
Mono: successfully reloaded assembly
- Completed reload, in  1.000 seconds
Platform modules already initialized, skipping
Shader 'Universal Render Pipeline/Particles/Lit': fallback shader 'Universal Render Pipeline/Particles/SimpleLit' not found
Refreshing native plugins compatible for Editor in 0.68 ms, found 1 plugins.
Preloading 0 native plugins for Editor in 0.00 ms.
Unloading 3919 Unused Serialized files (Serialized files now loaded: 0)
System memory in use before: 225.2 MB.
System memory in use after: 225.5 MB.

Unloading 10 unused Assets to reduce memory usage. Loaded Objects now: 4536.
Total: 2.843300 ms (FindLiveObjects: 0.310800 ms CreateObjectMapping: 0.206500 ms MarkObjects: 2.260000 ms  DeleteObjects: 0.064800 ms)

========================================================================
Received Import Request.
  Time since last request: 1760.848357 seconds.
  path: Assets/Audio
  artifactKey: Guid(df03b5c56d8be6549820e024a0f455b6) Importer(815301076,1909f56bfc062723c751e8b465ee728b)
Start importing Assets/Audio using Guid(df03b5c56d8be6549820e024a0f455b6) Importer(815301076,1909f56bfc062723c751e8b465ee728b)  -> (artifact id: 'a3c9659ccc5db0c0a2281099eb604d14') in 0.012405 seconds 
========================================================================
Received Prepare
Registering precompiled user dll's ...
Registered in 0.004890 seconds.
Begin MonoManager ReloadAssembly
Native extension for WindowsStandalone target not found
Refreshing native plugins compatible for Editor in 0.75 ms, found 1 plugins.
Preloading 0 native plugins for Editor in 0.00 ms.
Mono: successfully reloaded assembly
- Completed reload, in  1.053 seconds
Platform modules already initialized, skipping
Shader 'Universal Render Pipeline/Particles/Lit': fallback shader 'Universal Render Pipeline/Particles/SimpleLit' not found
Refreshing native plugins compatible for Editor in 0.68 ms, found 1 plugins.
Preloading 0 native plugins for Editor in 0.00 ms.
Unloading 3919 Unused Serialized files (Serialized files now loaded: 0)
System memory in use before: 225.2 MB.
System memory in use after: 225.5 MB.

Unloading 10 unused Assets to reduce memory usage. Loaded Objects now: 4539.
Total: 2.813700 ms (FindLiveObjects: 0.334700 ms CreateObjectMapping: 0.235200 ms MarkObjects: 2.177300 ms  DeleteObjects: 0.065000 ms)

========================================================================
Received Import Request.
  Time since last request: 174.969265 seconds.
  path: Assets/Scripts/particlesHandler.cs
  artifactKey: Guid(bed006fb7362ff74cb1e16302e08da25) Importer(815301076,1909f56bfc062723c751e8b465ee728b)
Start importing Assets/Scripts/particlesHandler.cs using Guid(bed006fb7362ff74cb1e16302e08da25) Importer(815301076,1909f56bfc062723c751e8b465ee728b)  -> (artifact id: 'ef2b115884e73567e70b124da65bdcb7') in 0.006093 seconds 
========================================================================
Received Prepare
Registering precompiled user dll's ...
Registered in 0.004842 seconds.
Begin MonoManager ReloadAssembly
Native extension for WindowsStandalone target not found
Refreshing native plugins compatible for Editor in 2.82 ms, found 1 plugins.
Preloading 0 native plugins for Editor in 0.00 ms.
Mono: successfully reloaded assembly
- Completed reload, in  1.039 seconds
Platform modules already initialized, skipping
Shader 'Universal Render Pipeline/Particles/Lit': fallback shader 'Universal Render Pipeline/Particles/SimpleLit' not found
Refreshing native plugins compatible for Editor in 0.70 ms, found 1 plugins.
Preloading 0 native plugins for Editor in 0.00 ms.
Unloading 3919 Unused Serialized files (Serialized files now loaded: 0)
System memory in use before: 225.2 MB.
System memory in use after: 225.5 MB.

Unloading 10 unused Assets to reduce memory usage. Loaded Objects now: 4542.
Total: 2.736100 ms (FindLiveObjects: 0.331800 ms CreateObjectMapping: 0.238500 ms MarkObjects: 2.101700 ms  DeleteObjects: 0.063200 ms)

========================================================================
Received Import Request.
  Time since last request: 84.985106 seconds.
  path: Assets/Scripts/AI.cs
  artifactKey: Guid(6c8174dc84d7e734ca62923410543a6e) Importer(815301076,1909f56bfc062723c751e8b465ee728b)
Start importing Assets/Scripts/AI.cs using Guid(6c8174dc84d7e734ca62923410543a6e) Importer(815301076,1909f56bfc062723c751e8b465ee728b)  -> (artifact id: 'eb3c8f5d4d06038deb20a6fafe09590c') in 0.008628 seconds 
========================================================================
Received Prepare
Registering precompiled user dll's ...
Registered in 0.005001 seconds.
Begin MonoManager ReloadAssembly
Native extension for WindowsStandalone target not found
Refreshing native plugins compatible for Editor in 0.74 ms, found 1 plugins.
Preloading 0 native plugins for Editor in 0.00 ms.
Mono: successfully reloaded assembly
- Completed reload, in  1.057 seconds
Platform modules already initialized, skipping
Shader 'Universal Render Pipeline/Particles/Lit': fallback shader 'Universal Render Pipeline/Particles/SimpleLit' not found
Refreshing native plugins compatible for Editor in 0.71 ms, found 1 plugins.
Preloading 0 native plugins for Editor in 0.00 ms.
Unloading 3919 Unused Serialized files (Serialized files now loaded: 0)
System memory in use before: 225.3 MB.
System memory in use after: 225.5 MB.

Unloading 10 unused Assets to reduce memory usage. Loaded Objects now: 4545.
Total: 2.962200 ms (FindLiveObjects: 0.327400 ms CreateObjectMapping: 0.255600 ms MarkObjects: 2.268100 ms  DeleteObjects: 0.109800 ms)

========================================================================
Received Import Request.
  Time since last request: 94.517508 seconds.
  path: Assets/Scripts/AI.cs
  artifactKey: Guid(6c8174dc84d7e734ca62923410543a6e) Importer(815301076,1909f56bfc062723c751e8b465ee728b)
Start importing Assets/Scripts/AI.cs using Guid(6c8174dc84d7e734ca62923410543a6e) Importer(815301076,1909f56bfc062723c751e8b465ee728b)  -> (artifact id: 'a588f413b2530e1719a5937f3989b4fc') in 0.006264 seconds 
========================================================================
Received Prepare
Registering precompiled user dll's ...
Registered in 0.005140 seconds.
Begin MonoManager ReloadAssembly
Native extension for WindowsStandalone target not found
Refreshing native plugins compatible for Editor in 0.66 ms, found 1 plugins.
Preloading 0 native plugins for Editor in 0.00 ms.
Mono: successfully reloaded assembly
- Completed reload, in  1.053 seconds
Platform modules already initialized, skipping
Shader 'Universal Render Pipeline/Particles/Lit': fallback shader 'Universal Render Pipeline/Particles/SimpleLit' not found
Refreshing native plugins compatible for Editor in 0.69 ms, found 1 plugins.
Preloading 0 native plugins for Editor in 0.00 ms.
Unloading 3919 Unused Serialized files (Serialized files now loaded: 0)
System memory in use before: 225.3 MB.
System memory in use after: 225.5 MB.

Unloading 10 unused Assets to reduce memory usage. Loaded Objects now: 4548.
Total: 2.897500 ms (FindLiveObjects: 0.369100 ms CreateObjectMapping: 0.241100 ms MarkObjects: 2.215600 ms  DeleteObjects: 0.070400 ms)

========================================================================
Received Prepare
Registering precompiled user dll's ...
Registered in 0.004788 seconds.
Begin MonoManager ReloadAssembly
Native extension for WindowsStandalone target not found
Refreshing native plugins compatible for Editor in 0.64 ms, found 1 plugins.
Preloading 0 native plugins for Editor in 0.00 ms.
Mono: successfully reloaded assembly
- Completed reload, in  1.017 seconds
Platform modules already initialized, skipping
Shader 'Universal Render Pipeline/Particles/Lit': fallback shader 'Universal Render Pipeline/Particles/SimpleLit' not found
Refreshing native plugins compatible for Editor in 0.69 ms, found 1 plugins.
Preloading 0 native plugins for Editor in 0.00 ms.
Unloading 3919 Unused Serialized files (Serialized files now loaded: 0)
System memory in use before: 225.3 MB.
System memory in use after: 225.5 MB.

Unloading 10 unused Assets to reduce memory usage. Loaded Objects now: 4551.
Total: 2.696100 ms (FindLiveObjects: 0.305500 ms CreateObjectMapping: 0.211200 ms MarkObjects: 2.121700 ms  DeleteObjects: 0.056600 ms)

========================================================================
Received Prepare
Registering precompiled user dll's ...
Registered in 0.004738 seconds.
Begin MonoManager ReloadAssembly
Native extension for WindowsStandalone target not found
Refreshing native plugins compatible for Editor in 0.64 ms, found 1 plugins.
Preloading 0 native plugins for Editor in 0.00 ms.
Mono: successfully reloaded assembly
- Completed reload, in  0.977 seconds
Platform modules already initialized, skipping
Shader 'Universal Render Pipeline/Particles/Lit': fallback shader 'Universal Render Pipeline/Particles/SimpleLit' not found
Refreshing native plugins compatible for Editor in 0.76 ms, found 1 plugins.
Preloading 0 native plugins for Editor in 0.00 ms.
Unloading 3919 Unused Serialized files (Serialized files now loaded: 0)
System memory in use before: 225.3 MB.
System memory in use after: 225.5 MB.

Unloading 10 unused Assets to reduce memory usage. Loaded Objects now: 4554.
Total: 2.660200 ms (FindLiveObjects: 0.336600 ms CreateObjectMapping: 0.220000 ms MarkObjects: 2.039800 ms  DeleteObjects: 0.062600 ms)

========================================================================
Received Prepare
Shader 'Universal Render Pipeline/Particles/Lit': fallback shader 'Universal Render Pipeline/Particles/SimpleLit' not found
Refreshing native plugins compatible for Editor in 3.28 ms, found 1 plugins.
Preloading 0 native plugins for Editor in 0.00 ms.
Unloading 8 Unused Serialized files (Serialized files now loaded: 0)
System memory in use before: 147.8 MB.
System memory in use after: 148.1 MB.

Unloading 8 unused Assets to reduce memory usage. Loaded Objects now: 4554.
Total: 2.532900 ms (FindLiveObjects: 0.325400 ms CreateObjectMapping: 0.220900 ms MarkObjects: 1.929300 ms  DeleteObjects: 0.056000 ms)

========================================================================
Received Prepare
Registering precompiled user dll's ...
Registered in 0.004917 seconds.
Begin MonoManager ReloadAssembly
Native extension for WindowsStandalone target not found
Refreshing native plugins compatible for Editor in 0.67 ms, found 1 plugins.
Preloading 0 native plugins for Editor in 0.00 ms.
Mono: successfully reloaded assembly
- Completed reload, in  1.059 seconds
Platform modules already initialized, skipping
Shader 'Universal Render Pipeline/Particles/Lit': fallback shader 'Universal Render Pipeline/Particles/SimpleLit' not found
Refreshing native plugins compatible for Editor in 0.75 ms, found 1 plugins.
Preloading 0 native plugins for Editor in 0.00 ms.
Unloading 3919 Unused Serialized files (Serialized files now loaded: 0)
System memory in use before: 225.3 MB.
System memory in use after: 225.5 MB.

Unloading 10 unused Assets to reduce memory usage. Loaded Objects now: 4557.
Total: 2.773600 ms (FindLiveObjects: 0.425000 ms CreateObjectMapping: 0.241000 ms MarkObjects: 2.041600 ms  DeleteObjects: 0.064400 ms)

========================================================================
Received Import Request.
  Time since last request: 2176.329527 seconds.
  path: Assets/Scripts/mainMenuStart.cs
  artifactKey: Guid(7fb44bd358753ad41b4bebe5f8126299) Importer(815301076,1909f56bfc062723c751e8b465ee728b)
Start importing Assets/Scripts/mainMenuStart.cs using Guid(7fb44bd358753ad41b4bebe5f8126299) Importer(815301076,1909f56bfc062723c751e8b465ee728b)  -> (artifact id: '4b8eadbf92aecd8113d2db4726c3acc2') in 0.013403 seconds 
========================================================================
Received Prepare
Registering precompiled user dll's ...
Registered in 0.004832 seconds.
Begin MonoManager ReloadAssembly
Native extension for WindowsStandalone target not found
Refreshing native plugins compatible for Editor in 0.75 ms, found 1 plugins.
Preloading 0 native plugins for Editor in 0.00 ms.
Mono: successfully reloaded assembly
- Completed reload, in  1.044 seconds
Platform modules already initialized, skipping
Shader 'Universal Render Pipeline/Particles/Lit': fallback shader 'Universal Render Pipeline/Particles/SimpleLit' not found
Refreshing native plugins compatible for Editor in 0.83 ms, found 1 plugins.
Preloading 0 native plugins for Editor in 0.00 ms.
Unloading 3919 Unused Serialized files (Serialized files now loaded: 0)
System memory in use before: 225.3 MB.
System memory in use after: 225.5 MB.

Unloading 10 unused Assets to reduce memory usage. Loaded Objects now: 4560.
Total: 2.779400 ms (FindLiveObjects: 0.344500 ms CreateObjectMapping: 0.239100 ms MarkObjects: 2.127100 ms  DeleteObjects: 0.067400 ms)

========================================================================
Received Prepare
Registering precompiled user dll's ...
Registered in 0.004818 seconds.
Begin MonoManager ReloadAssembly
Native extension for WindowsStandalone target not found
Refreshing native plugins compatible for Editor in 0.68 ms, found 1 plugins.
Preloading 0 native plugins for Editor in 0.00 ms.
Mono: successfully reloaded assembly
- Completed reload, in  1.065 seconds
Platform modules already initialized, skipping
Shader 'Universal Render Pipeline/Particles/Lit': fallback shader 'Universal Render Pipeline/Particles/SimpleLit' not found
Refreshing native plugins compatible for Editor in 0.73 ms, found 1 plugins.
Preloading 0 native plugins for Editor in 0.00 ms.
Unloading 3919 Unused Serialized files (Serialized files now loaded: 0)
System memory in use before: 225.3 MB.
System memory in use after: 225.5 MB.

Unloading 10 unused Assets to reduce memory usage. Loaded Objects now: 4563.
Total: 2.831000 ms (FindLiveObjects: 0.347200 ms CreateObjectMapping: 0.220400 ms MarkObjects: 2.199100 ms  DeleteObjects: 0.063400 ms)

========================================================================
Received Prepare
Registering precompiled user dll's ...
Registered in 0.004876 seconds.
Begin MonoManager ReloadAssembly
Native extension for WindowsStandalone target not found
Refreshing native plugins compatible for Editor in 0.66 ms, found 1 plugins.
Preloading 0 native plugins for Editor in 0.00 ms.
Mono: successfully reloaded assembly
- Completed reload, in  1.020 seconds
Platform modules already initialized, skipping
Shader 'Universal Render Pipeline/Particles/Lit': fallback shader 'Universal Render Pipeline/Particles/SimpleLit' not found
Refreshing native plugins compatible for Editor in 0.68 ms, found 1 plugins.
Preloading 0 native plugins for Editor in 0.00 ms.
Unloading 3919 Unused Serialized files (Serialized files now loaded: 0)
System memory in use before: 225.3 MB.
System memory in use after: 225.5 MB.

Unloading 10 unused Assets to reduce memory usage. Loaded Objects now: 4566.
Total: 2.707600 ms (FindLiveObjects: 0.325900 ms CreateObjectMapping: 0.217300 ms MarkObjects: 2.104500 ms  DeleteObjects: 0.058600 ms)

========================================================================
Received Prepare
Registering precompiled user dll's ...
Registered in 0.008038 seconds.
Begin MonoManager ReloadAssembly
Native extension for WindowsStandalone target not found
Refreshing native plugins compatible for Editor in 0.71 ms, found 1 plugins.
Preloading 0 native plugins for Editor in 0.00 ms.
Mono: successfully reloaded assembly
- Completed reload, in  1.242 seconds
Platform modules already initialized, skipping
Shader 'Universal Render Pipeline/Particles/Lit': fallback shader 'Universal Render Pipeline/Particles/SimpleLit' not found
Refreshing native plugins compatible for Editor in 0.81 ms, found 1 plugins.
Preloading 0 native plugins for Editor in 0.00 ms.
Unloading 3919 Unused Serialized files (Serialized files now loaded: 0)
System memory in use before: 225.3 MB.
System memory in use after: 225.5 MB.

Unloading 10 unused Assets to reduce memory usage. Loaded Objects now: 4569.
Total: 3.441000 ms (FindLiveObjects: 0.351900 ms CreateObjectMapping: 0.261900 ms MarkObjects: 2.753300 ms  DeleteObjects: 0.072000 ms)

========================================================================
Received Prepare
Registering precompiled user dll's ...
Registered in 0.005028 seconds.
Begin MonoManager ReloadAssembly
Native extension for WindowsStandalone target not found
Refreshing native plugins compatible for Editor in 0.67 ms, found 1 plugins.
Preloading 0 native plugins for Editor in 0.00 ms.
Mono: successfully reloaded assembly
- Completed reload, in  0.984 seconds
Platform modules already initialized, skipping
Shader 'Universal Render Pipeline/Particles/Lit': fallback shader 'Universal Render Pipeline/Particles/SimpleLit' not found
Refreshing native plugins compatible for Editor in 0.66 ms, found 1 plugins.
Preloading 0 native plugins for Editor in 0.00 ms.
Unloading 3919 Unused Serialized files (Serialized files now loaded: 0)
System memory in use before: 225.3 MB.
System memory in use after: 225.5 MB.

Unloading 10 unused Assets to reduce memory usage. Loaded Objects now: 4572.
Total: 3.115900 ms (FindLiveObjects: 0.378300 ms CreateObjectMapping: 0.268700 ms MarkObjects: 2.388700 ms  DeleteObjects: 0.079000 ms)

AssetImportWorkerClient::OnTransportError - code=2 error=End of file
